<?xml version="1.0" encoding="UTF-8"?>
<!-- Generated by org.testng.reporters.JUnitReportReporter -->
<testsuite hostname="Desktop-Monitor-1st-Floor-Room3" failures="0" tests="4" name="runner.Runner" time="43.618" errors="0" timestamp="2025-01-04T09:29:30 IST" skipped="0">
  <testcase classname="runner.Runner" name="runScenario" time="11.507"/>
  <testcase classname="runner.Runner" name="runScenario" time="10.461"/>
  <testcase classname="runner.Runner" name="runScenario" time="10.489"/>
  <testcase classname="runner.Runner" name="runScenario" time="11.161"/>
</testsuite> <!-- runner.Runner -->
